<?xml version="1.0" encoding="UTF-8" ?>
<testsuite tests="1" failures="1" name="runner.TestRunner" time="11.547" errors="0" skipped="0">
  <properties>
    <property name="java.runtime.name" value="OpenJDK Runtime Environment"/>
    <property name="java.vm.version" value="11.0.13+8"/>
    <property name="sun.boot.library.path" value="/Library/Java/JavaVirtualMachines/temurin-11.jdk/Contents/Home/lib"/>
    <property name="gopherProxySet" value="false"/>
    <property name="maven.multiModuleProjectDirectory" value="/Users/rupesh/eclipse-workspace/KarateFrameworkDemo"/>
    <property name="java.vm.vendor" value="Eclipse Adoptium"/>
    <property name="java.vendor.url" value="https://adoptium.net/"/>
    <property name="guice.disable.misplaced.annotation.check" value="true"/>
    <property name="path.separator" value=":"/>
    <property name="java.vm.name" value="OpenJDK 64-Bit Server VM"/>
    <property name="sun.os.patch.level" value="unknown"/>
    <property name="user.country" value="IN"/>
    <property name="sun.java.launcher" value="SUN_STANDARD"/>
    <property name="java.vm.specification.name" value="Java Virtual Machine Specification"/>
    <property name="user.dir" value="/Users/rupesh/eclipse-workspace/KarateFrameworkDemo"/>
    <property name="java.vm.compressedOopsMode" value="Zero based"/>
    <property name="java.runtime.version" value="11.0.13+8"/>
    <property name="java.awt.graphicsenv" value="sun.awt.CGraphicsEnvironment"/>
    <property name="os.arch" value="x86_64"/>
    <property name="java.io.tmpdir" value="/var/folders/vr/sr9tv2sj5_s5zllpb5k19hb40000gn/T/"/>
    <property name="line.separator" value="
"/>
    <property name="java.vm.specification.vendor" value="Oracle Corporation"/>
    <property name="os.name" value="Mac OS X"/>
    <property name="classworlds.conf" value="/Users/Rupesh/Downloads/apache-maven-3.8.6/bin/m2.conf"/>
    <property name="sun.jnu.encoding" value="UTF-8"/>
    <property name="java.library.path" value="/Users/rupesh/Library/Java/Extensions:/Library/Java/Extensions:/Network/Library/Java/Extensions:/System/Library/Java/Extensions:/usr/lib/java:."/>
    <property name="maven.conf" value="/Users/Rupesh/Downloads/apache-maven-3.8.6/conf"/>
    <property name="jdk.debug" value="release"/>
    <property name="java.class.version" value="55.0"/>
    <property name="java.specification.name" value="Java Platform API Specification"/>
    <property name="sun.management.compiler" value="HotSpot 64-Bit Tiered Compilers"/>
    <property name="os.version" value="11.6.1"/>
    <property name="library.jansi.path" value="/Users/Rupesh/Downloads/apache-maven-3.8.6/lib/jansi-native"/>
    <property name="user.home" value="/Users/rupesh"/>
    <property name="user.timezone" value="Asia/Kolkata"/>
    <property name="java.awt.printerjob" value="sun.lwawt.macosx.CPrinterJob"/>
    <property name="file.encoding" value="UTF-8"/>
    <property name="java.specification.version" value="11"/>
    <property name="user.name" value="rupesh"/>
    <property name="java.class.path" value="/Users/Rupesh/Downloads/apache-maven-3.8.6/boot/plexus-classworlds-2.6.0.jar"/>
    <property name="java.vm.specification.version" value="11"/>
    <property name="sun.arch.data.model" value="64"/>
    <property name="sun.java.command" value="org.codehaus.plexus.classworlds.launcher.Launcher test"/>
    <property name="java.home" value="/Library/Java/JavaVirtualMachines/temurin-11.jdk/Contents/Home"/>
    <property name="user.language" value="en"/>
    <property name="java.specification.vendor" value="Oracle Corporation"/>
    <property name="awt.toolkit" value="sun.lwawt.macosx.LWCToolkit"/>
    <property name="java.vm.info" value="mixed mode"/>
    <property name="java.version" value="11.0.13"/>
    <property name="java.vendor" value="Eclipse Adoptium"/>
    <property name="maven.home" value="/Users/Rupesh/Downloads/apache-maven-3.8.6"/>
    <property name="file.separator" value="/"/>
    <property name="java.version.date" value="2021-10-19"/>
    <property name="java.vendor.url.bug" value="https://github.com/adoptium/adoptium-support/issues"/>
    <property name="sun.io.unicode.encoding" value="UnicodeBig"/>
    <property name="sun.cpu.endian" value="little"/>
    <property name="java.vendor.version" value="Temurin-11.0.13+8"/>
    <property name="sun.cpu.isalist" value=""/>
  </properties>
  <testcase classname="runner.TestRunner" name="parallel" time="11.547">
    <failure message="status code was: 403, expected: 201, response time in milliseconds: 1101, url: https://integration.servicetag.services.signify.com/api/projects/v18.1/create?key=apikey, response: 

classpath:features/UpdateProject.feature:26
status code was: 403, expected: 201, response time in milliseconds: 1290, url: https://integration.servicetag.services.signify.com/api/projects/v18.1/create?key=apikey, response: 

classpath:features/CreateProject.feature:27
status code was: 403, expected: 200, response time in milliseconds: 948, url: https://integration.servicetag.services.signify.com/api/servicetag/v18.1/servicetag/A538.130196889.0008?key=b5hj34l15b134b5134kb5hjl34b624hjl, response: 

classpath:features/GetProductInfo.feature:26" type="java.lang.AssertionError">java.lang.AssertionError: status code was: 403, expected: 201, response time in milliseconds: 1101, url: https://integration.servicetag.services.signify.com/api/projects/v18.1/create?key=apikey, response: 

classpath:features/UpdateProject.feature:26
status code was: 403, expected: 201, response time in milliseconds: 1290, url: https://integration.servicetag.services.signify.com/api/projects/v18.1/create?key=apikey, response: 

classpath:features/CreateProject.feature:27
status code was: 403, expected: 200, response time in milliseconds: 948, url: https://integration.servicetag.services.signify.com/api/servicetag/v18.1/servicetag/A538.130196889.0008?key=b5hj34l15b134b5134kb5hjl34b624hjl, response: 

classpath:features/GetProductInfo.feature:26
	at org.junit.Assert.fail(Assert.java:89)
	at org.junit.Assert.assertTrue(Assert.java:42)
	at runner.TestRunner.parallel(TestRunner.java:33)
	at java.base/jdk.internal.reflect.NativeMethodAccessorImpl.invoke0(Native Method)
	at java.base/jdk.internal.reflect.NativeMethodAccessorImpl.invoke(NativeMethodAccessorImpl.java:62)
	at java.base/jdk.internal.reflect.DelegatingMethodAccessorImpl.invoke(DelegatingMethodAccessorImpl.java:43)
	at java.base/java.lang.reflect.Method.invoke(Method.java:566)
	at org.junit.runners.model.FrameworkMethod$1.runReflectiveCall(FrameworkMethod.java:59)
	at org.junit.internal.runners.model.ReflectiveCallable.run(ReflectiveCallable.java:12)
	at org.junit.runners.model.FrameworkMethod.invokeExplosively(FrameworkMethod.java:56)
	at org.junit.internal.runners.statements.InvokeMethod.evaluate(InvokeMethod.java:17)
	at org.junit.runners.ParentRunner$3.evaluate(ParentRunner.java:306)
	at org.junit.runners.BlockJUnit4ClassRunner$1.evaluate(BlockJUnit4ClassRunner.java:100)
	at org.junit.runners.ParentRunner.runLeaf(ParentRunner.java:366)
	at org.junit.runners.BlockJUnit4ClassRunner.runChild(BlockJUnit4ClassRunner.java:103)
	at org.junit.runners.BlockJUnit4ClassRunner.runChild(BlockJUnit4ClassRunner.java:63)
	at org.junit.runners.ParentRunner$4.run(ParentRunner.java:331)
	at org.junit.runners.ParentRunner$1.schedule(ParentRunner.java:79)
	at org.junit.runners.ParentRunner.runChildren(ParentRunner.java:329)
	at org.junit.runners.ParentRunner.access$100(ParentRunner.java:66)
	at org.junit.runners.ParentRunner$2.evaluate(ParentRunner.java:293)
	at org.junit.internal.runners.statements.RunBefores.evaluate(RunBefores.java:26)
	at org.junit.runners.ParentRunner$3.evaluate(ParentRunner.java:306)
	at org.junit.runners.ParentRunner.run(ParentRunner.java:413)
	at org.apache.maven.surefire.junit4.JUnit4Provider.execute(JUnit4Provider.java:252)
	at org.apache.maven.surefire.junit4.JUnit4Provider.executeTestSet(JUnit4Provider.java:141)
	at org.apache.maven.surefire.junit4.JUnit4Provider.invoke(JUnit4Provider.java:112)
	at java.base/jdk.internal.reflect.NativeMethodAccessorImpl.invoke0(Native Method)
	at java.base/jdk.internal.reflect.NativeMethodAccessorImpl.invoke(NativeMethodAccessorImpl.java:62)
	at java.base/jdk.internal.reflect.DelegatingMethodAccessorImpl.invoke(DelegatingMethodAccessorImpl.java:43)
	at java.base/java.lang.reflect.Method.invoke(Method.java:566)
	at org.apache.maven.surefire.util.ReflectionUtils.invokeMethodWithArray(ReflectionUtils.java:189)
	at org.apache.maven.surefire.booter.ProviderFactory$ProviderProxy.invoke(ProviderFactory.java:165)
	at org.apache.maven.surefire.booter.ProviderFactory.invokeProvider(ProviderFactory.java:85)
	at org.apache.maven.surefire.booter.ForkedBooter.runSuitesInProcess(ForkedBooter.java:115)
	at org.apache.maven.surefire.booter.ForkedBooter.main(ForkedBooter.java:75)
</failure>
    <system-out>=========Test STart========
23:00:28.279 [main] INFO  com.intuit.karate.Runner - using system property &apos;karate.env&apos;: Test
23:00:29.147 [main] INFO  com.intuit.karate.Suite - backed up existing &apos;target/karate-reports&apos; dir to: target/karate-reports_1671125429146
23:00:30.364 [main] INFO  com.intuit.karate - Environment selected is -  Test 
23:00:30.514 [main] INFO  com.intuit.karate - [print] 
Request Body :- 
23:00:30.519 [main] INFO  com.intuit.karate - [print] {
  &quot;name&quot;: &quot;Collage5955&quot;,
  &quot;country&quot;: &quot;India&quot;,
  &quot;city&quot;: &quot;Bangalore&quot;,
  &quot;timezone&quot;: [
    &quot;Asia/Kolkata&quot;
  ],
  &quot;startDate&quot;: &quot;2022-12-13T17:21:35.793Z&quot;,
  &quot;endDate&quot;: &quot;2022-12-18T17:21:35.793Z&quot;,
  &quot;description&quot;: &quot;installation&quot;,
  &quot;assetQuantity&quot;: 1,
  &quot;installers&quot;: [
    &quot;om.mishra1@signify.com&quot;
  ]
}
 
23:00:32.286 [main] ERROR com.intuit.karate - classpath:features/CreateProject.feature:27
Then status 201
status code was: 403, expected: 201, response time in milliseconds: 1290, url: https://integration.servicetag.services.signify.com/api/projects/v18.1/create?key=apikey, response: 

classpath:features/CreateProject.feature:27
---------------------------------------------------------
feature: classpath:features/CreateProject.feature
scenarios:  1 | passed:  0 | failed:  1 | time: 1.8476
---------------------------------------------------------

23:00:35.173 [main] INFO  com.intuit.karate.Suite - &lt;&lt;fail&gt;&gt; feature 1 of 3 (0 remaining) classpath:features/CreateProject.feature
23:00:35.223 [main] INFO  com.intuit.karate - Environment selected is -  Test 
23:00:35.244 [main] INFO  com.intuit.karate - &gt;&gt; lock acquired, begin callonce: read(&apos;file:src/test/java/hooksFeatures/before-scenario.feature@productInfo&apos;)
23:00:35.245 [main] INFO  c.intuit.karate.core.FeatureRuntime - src/test/java/hooksFeatures/before-scenario.feature - call by tag at line 8: productInfo
23:00:35.260 [main] INFO  com.intuit.karate - [print] Required data inserted successfully 
23:00:35.264 [main] INFO  com.intuit.karate - &lt;&lt; lock released, cached callonce: read(&apos;file:src/test/java/hooksFeatures/before-scenario.feature@productInfo&apos;)
23:00:35.272 [main] INFO  com.intuit.karate - [print] sending request 
23:00:36.234 [main] ERROR com.intuit.karate - classpath:features/GetProductInfo.feature:26
Then status 200
status code was: 403, expected: 200, response time in milliseconds: 948, url: https://integration.servicetag.services.signify.com/api/servicetag/v18.1/servicetag/A538.130196889.0008?key=b5hj34l15b134b5134kb5hjl34b624hjl, response: 

classpath:features/GetProductInfo.feature:26
23:00:36.265 [main] INFO  c.intuit.karate.core.FeatureRuntime - src/test/java/hooksFeatures/after-scenario.feature - call by tag at line 8: productInfo
23:00:36.284 [main] INFO  com.intuit.karate - [print] Cleaning DB records after execution of product info scenario 
23:00:36.293 [main] INFO  c.intuit.karate.core.FeatureRuntime - src/test/java/hooksFeatures/after-feature.feature - call by tag at line 8: productInfo
23:00:36.307 [main] INFO  com.intuit.karate - [print] Cleaning DB after execution of product info feature 
---------------------------------------------------------
feature: classpath:features/GetProductInfo.feature
scenarios:  1 | passed:  0 | failed:  1 | time: 1.0040
---------------------------------------------------------

23:00:36.655 [main] INFO  com.intuit.karate.Suite - &lt;&lt;fail&gt;&gt; feature 2 of 3 (0 remaining) classpath:features/GetProductInfo.feature
23:00:36.697 [main] INFO  com.intuit.karate - Environment selected is -  Test 
23:00:36.752 [main] INFO  com.intuit.karate - [print] 
Request Body :- 
23:00:36.754 [main] INFO  com.intuit.karate - [print] {
  &quot;name&quot;: &quot;Collage5735&quot;,
  &quot;country&quot;: &quot;India&quot;,
  &quot;city&quot;: &quot;Bangalore&quot;,
  &quot;timezone&quot;: [
    &quot;Asia/Kolkata&quot;
  ],
  &quot;startDate&quot;: &quot;2022-12-13T17:21:35.793Z&quot;,
  &quot;endDate&quot;: &quot;2022-12-18T17:21:35.793Z&quot;,
  &quot;description&quot;: &quot;installation&quot;,
  &quot;assetQuantity&quot;: 1,
  &quot;installers&quot;: [
    &quot;om.mishra1@signify.com&quot;
  ]
}
 
23:00:37.882 [main] ERROR com.intuit.karate - classpath:features/UpdateProject.feature:26
Then status 201
status code was: 403, expected: 201, response time in milliseconds: 1101, url: https://integration.servicetag.services.signify.com/api/projects/v18.1/create?key=apikey, response: 

classpath:features/UpdateProject.feature:26
---------------------------------------------------------
feature: classpath:features/UpdateProject.feature
scenarios:  1 | passed:  0 | failed:  1 | time: 1.1731
---------------------------------------------------------

23:00:38.056 [main] INFO  com.intuit.karate.Suite - &lt;&lt;fail&gt;&gt; feature 3 of 3 (0 remaining) classpath:features/UpdateProject.feature
Karate version: 1.1.0
======================================================
elapsed:   9.79 | threads:    1 | thread time: 4.03 
features:     3 | skipped:    0 | efficiency: 0.41
scenarios:    3 | passed:     0 | failed: 3
======================================================
&gt;&gt;&gt; failed features:
status code was: 403, expected: 201, response time in milliseconds: 1101, url: https://integration.servicetag.services.signify.com/api/projects/v18.1/create?key=apikey, response: 

classpath:features/UpdateProject.feature:26
status code was: 403, expected: 201, response time in milliseconds: 1290, url: https://integration.servicetag.services.signify.com/api/projects/v18.1/create?key=apikey, response: 

classpath:features/CreateProject.feature:27
status code was: 403, expected: 200, response time in milliseconds: 948, url: https://integration.servicetag.services.signify.com/api/servicetag/v18.1/servicetag/A538.130196889.0008?key=b5hj34l15b134b5134kb5hjl34b624hjl, response: 

classpath:features/GetProductInfo.feature:26
&lt;&lt;&lt;

HTML report: (paste into browser to view) | Karate version: 1.1.0
file:///Users/rupesh/eclipse-workspace/KarateFrameworkDemo/target/karate-reports/karate-summary.html
===================================================================

</system-out>
    <system-err>Dec 15, 2022 11:00:38 PM net.masterthought.cucumber.ReportParser parseJsonFiles
INFO: File &apos;/Users/rupesh/eclipse-workspace/KarateFrameworkDemo/target/karate-reports/features.GetProductInfo.json&apos; contains 1 feature(s)
Dec 15, 2022 11:00:38 PM net.masterthought.cucumber.ReportParser parseJsonFiles
INFO: File &apos;/Users/rupesh/eclipse-workspace/KarateFrameworkDemo/target/karate-reports/features.UpdateProject.json&apos; contains 1 feature(s)
Dec 15, 2022 11:00:38 PM net.masterthought.cucumber.ReportParser parseJsonFiles
INFO: File &apos;/Users/rupesh/eclipse-workspace/KarateFrameworkDemo/target/karate-reports/features.CreateProject.json&apos; contains 1 feature(s)
</system-err>
  </testcase>
</testsuite>